-encoding
UTF-8
-outxml
-source
1.6
-target
1.6
-classpath
C:\Users\sivasankar\.m2\repository\antlr\antlr\2.7.6\antlr-2.7.6.jar;C:\Users\sivasankar\.m2\repository\aopalliance\aopalliance\1.0\aopalliance-1.0.jar;C:\Users\sivasankar\.m2\repository\asm\asm\3.1\asm-3.1.jar;C:\Users\sivasankar\.m2\repository\backport-util-concurrent\backport-util-concurrent\3.1\backport-util-concurrent-3.1.jar;C:\Users\sivasankar\.m2\repository\cglib\cglib\2.2\cglib-2.2.jar;C:\Users\sivasankar\.m2\repository\cglib\cglib-nodep\2.2.2\cglib-nodep-2.2.2.jar;C:\Users\sivasankar\.m2\repository\commons-beanutils\commons-beanutils\1.8.3\commons-beanutils-1.8.3.jar;C:\Users\sivasankar\.m2\repository\commons-codec\commons-codec\1.5\commons-codec-1.5.jar;C:\Users\sivasankar\.m2\repository\commons-collections\commons-collections\3.1\commons-collections-3.1.jar;C:\Users\sivasankar\.m2\repository\commons-dbcp\commons-dbcp\1.4\commons-dbcp-1.4.jar;C:\Users\sivasankar\.m2\repository\commons-digester\commons-digester\2.1\commons-digester-2.1.jar;C:\Users\sivasankar\.m2\repository\commons-fileupload\commons-fileupload\1.2.2\commons-fileupload-1.2.2.jar;C:\Users\sivasankar\.m2\repository\commons-io\commons-io\2.2\commons-io-2.2.jar;C:\Users\sivasankar\.m2\repository\commons-logging\commons-logging\1.0.4\commons-logging-1.0.4.jar;C:\Users\sivasankar\.m2\repository\commons-pool\commons-pool\1.5.6\commons-pool-1.5.6.jar;C:\Users\sivasankar\.m2\repository\dom4j\dom4j\1.6.1\dom4j-1.6.1.jar;C:\Users\sivasankar\.m2\repository\javassist\javassist\3.12.0.GA\javassist-3.12.0.GA.jar;C:\Users\sivasankar\.m2\repository\javax\servlet\servlet-api\2.5\servlet-api-2.5.jar;C:\Users\sivasankar\.m2\repository\javax\transaction\jta\1.1\jta-1.1.jar;C:\Users\sivasankar\.m2\repository\javax\validation\validation-api\1.0.0.GA\validation-api-1.0.0.GA.jar;C:\Users\sivasankar\.m2\repository\joda-time\joda-time\1.6\joda-time-1.6.jar;C:\Users\sivasankar\.m2\repository\log4j\log4j\1.2.16\log4j-1.2.16.jar;C:\Users\sivasankar\.m2\repository\mysql\mysql-connector-java\5.1.6\mysql-connector-java-5.1.6.jar;C:\Users\sivasankar\.m2\repository\net\sf\ehcache\ehcache\1.5.0\ehcache-1.5.0.jar;C:\Users\sivasankar\.m2\repository\net\sf\jsr107cache\jsr107cache\1.0\jsr107cache-1.0.jar;C:\Users\sivasankar\.m2\repository\opensymphony\sitemesh\2.4.2\sitemesh-2.4.2.jar;C:\Users\sivasankar\.m2\repository\org\apache\commons\commons-lang3\3.1\commons-lang3-3.1.jar;C:\Users\sivasankar\.m2\repository\org\aspectj\aspectjrt\1.7.0\aspectjrt-1.7.0.jar;C:\Users\sivasankar\.m2\repository\org\aspectj\aspectjweaver\1.7.0\aspectjweaver-1.7.0.jar;C:\Users\sivasankar\.m2\repository\org\codehaus\jackson\jackson-core-asl\1.9.2\jackson-core-asl-1.9.2.jar;C:\Users\sivasankar\.m2\repository\org\codehaus\jackson\jackson-mapper-asl\1.9.2\jackson-mapper-asl-1.9.2.jar;C:\Users\sivasankar\.m2\repository\org\freemarker\freemarker\2.3.16\freemarker-2.3.16.jar;C:\Users\sivasankar\.m2\repository\org\hibernate\hibernate-annotations\3.5.6-Final\hibernate-annotations-3.5.6-Final.jar;C:\Users\sivasankar\.m2\repository\org\hibernate\hibernate-commons-annotations\3.2.0.Final\hibernate-commons-annotations-3.2.0.Final.jar;C:\Users\sivasankar\.m2\repository\org\hibernate\hibernate-core\3.5.4-Final\hibernate-core-3.5.4-Final.jar;C:\Users\sivasankar\.m2\repository\org\hibernate\hibernate-ehcache\3.5.4-Final\hibernate-ehcache-3.5.4-Final.jar;C:\Users\sivasankar\.m2\repository\org\hibernate\hibernate-entitymanager\3.6.10.Final\hibernate-entitymanager-3.6.10.Final.jar;C:\Users\sivasankar\.m2\repository\org\hibernate\hibernate-validator\4.1.0.Final\hibernate-validator-4.1.0.Final.jar;C:\Users\sivasankar\.m2\repository\org\hibernate\javax\persistence\hibernate-jpa-2.0-api\1.0.0.Final\hibernate-jpa-2.0-api-1.0.0.Final.jar;C:\Users\sivasankar\.m2\repository\org\slf4j\jcl-over-slf4j\1.7.2\jcl-over-slf4j-1.7.2.jar;C:\Users\sivasankar\.m2\repository\org\slf4j\slf4j-api\1.7.2\slf4j-api-1.7.2.jar;C:\Users\sivasankar\.m2\repository\org\slf4j\slf4j-log4j12\1.7.2\slf4j-log4j12-1.7.2.jar;C:\Users\sivasankar\.m2\repository\org\springframework\spring-aop\3.0.5.RELEASE\spring-aop-3.0.5.RELEASE.jar;C:\Users\sivasankar\.m2\repository\org\springframework\spring-asm\3.0.5.RELEASE\spring-asm-3.0.5.RELEASE.jar;C:\Users\sivasankar\.m2\repository\org\springframework\spring-aspects\3.0.5.RELEASE\spring-aspects-3.0.5.RELEASE.jar;C:\Users\sivasankar\.m2\repository\org\springframework\spring-beans\3.0.5.RELEASE\spring-beans-3.0.5.RELEASE.jar;C:\Users\sivasankar\.m2\repository\org\springframework\spring-context\3.0.5.RELEASE\spring-context-3.0.5.RELEASE.jar;C:\Users\sivasankar\.m2\repository\org\springframework\spring-context-support\3.0.5.RELEASE\spring-context-support-3.0.5.RELEASE.jar;C:\Users\sivasankar\.m2\repository\org\springframework\spring-core\3.0.5.RELEASE\spring-core-3.0.5.RELEASE.jar;C:\Users\sivasankar\.m2\repository\org\springframework\spring-expression\3.0.5.RELEASE\spring-expression-3.0.5.RELEASE.jar;C:\Users\sivasankar\.m2\repository\org\springframework\spring-jdbc\3.0.5.RELEASE\spring-jdbc-3.0.5.RELEASE.jar;C:\Users\sivasankar\.m2\repository\org\springframework\spring-orm\3.0.5.RELEASE\spring-orm-3.0.5.RELEASE.jar;C:\Users\sivasankar\.m2\repository\org\springframework\spring-test\3.0.5.RELEASE\spring-test-3.0.5.RELEASE.jar;C:\Users\sivasankar\.m2\repository\org\springframework\spring-tx\3.0.5.RELEASE\spring-tx-3.0.5.RELEASE.jar;C:\Users\sivasankar\.m2\repository\org\springframework\spring-web\3.0.5.RELEASE\spring-web-3.0.5.RELEASE.jar;C:\Users\sivasankar\.m2\repository\org\springframework\spring-webmvc\3.0.5.RELEASE\spring-webmvc-3.0.5.RELEASE.jar;C:\Users\sivasankar\.m2\repository\xml-apis\xml-apis\1.0.b2\xml-apis-1.0.b2.jar;D:\Ch SivaSankar\SpringSource\urat02082013\target\classes
-aspectpath
C:\Users\sivasankar\.m2\repository\org\springframework\spring-aspects\3.0.5.RELEASE\spring-aspects-3.0.5.RELEASE.jar
-d
D:\Ch SivaSankar\SpringSource\urat02082013\target\classes
D:\Ch SivaSankar\SpringSource\urat02082013\src\main\java\com\cisco\urat\dao\DocumentDao.java
D:\Ch SivaSankar\SpringSource\urat02082013\src\main\java\com\cisco\urat\controller\DocumentJsonController.java
D:\Ch SivaSankar\SpringSource\urat02082013\src\main\java\com\cisco\urat\dao\BlobDataDaoImpl.java
D:\Ch SivaSankar\SpringSource\urat02082013\src\main\java\com\cisco\urat\service\BlobDataService.java
D:\Ch SivaSankar\SpringSource\urat02082013\src\main\java\com\cisco\urat\service\DocumentService.java
D:\Ch SivaSankar\SpringSource\urat02082013\src\main\java\com\cisco\urat\controller\DocumentController.java
D:\Ch SivaSankar\SpringSource\urat02082013\src\main\java\com\cisco\urat\utilities\ContextUtil.java
D:\Ch SivaSankar\SpringSource\urat02082013\src\main\java\com\cisco\urat\model\Document.java
D:\Ch SivaSankar\SpringSource\urat02082013\src\main\java\com\cisco\urat\model\json\ErrorDto.java
D:\Ch SivaSankar\SpringSource\urat02082013\src\main\java\com\cisco\urat\dao\UserDao.java
D:\Ch SivaSankar\SpringSource\urat02082013\src\main\java\com\cisco\urat\controller\UserController.java
D:\Ch SivaSankar\SpringSource\urat02082013\src\main\java\com\cisco\urat\model\RuleFile.java
D:\Ch SivaSankar\SpringSource\urat02082013\src\main\java\com\cisco\urat\dao\BlobDataDao.java
D:\Ch SivaSankar\SpringSource\urat02082013\src\main\java\com\cisco\urat\controller\ApplicationConversionServiceFactoryBean.java
D:\Ch SivaSankar\SpringSource\urat02082013\src\main\java\com\cisco\urat\utilities\Context.java
D:\Ch SivaSankar\SpringSource\urat02082013\src\main\java\com\cisco\urat\utilities\DateUtil.java
D:\Ch SivaSankar\SpringSource\urat02082013\src\main\java\com\cisco\urat\service\ItemService.java
D:\Ch SivaSankar\SpringSource\urat02082013\src\main\java\com\cisco\urat\utilities\RequestContext.java
D:\Ch SivaSankar\SpringSource\urat02082013\src\main\java\com\cisco\urat\service\BlobDataServiceImpl.java
D:\Ch SivaSankar\SpringSource\urat02082013\src\main\java\com\cisco\urat\utilities\ItemType.java
D:\Ch SivaSankar\SpringSource\urat02082013\src\main\java\com\cisco\urat\model\BlobData.java
D:\Ch SivaSankar\SpringSource\urat02082013\src\main\java\com\cisco\urat\service\DocumentServiceImpl.java
D:\Ch SivaSankar\SpringSource\urat02082013\src\main\java\com\cisco\urat\dao\ItemDao.java
D:\Ch SivaSankar\SpringSource\urat02082013\src\main\java\com\cisco\urat\model\json\BaseDto.java
D:\Ch SivaSankar\SpringSource\urat02082013\src\main\java\com\cisco\urat\utilities\FileUtil.java
D:\Ch SivaSankar\SpringSource\urat02082013\src\main\java\com\cisco\urat\utilities\FileType.java
D:\Ch SivaSankar\SpringSource\urat02082013\src\main\java\com\cisco\urat\service\UserService.java
D:\Ch SivaSankar\SpringSource\urat02082013\src\main\java\com\cisco\urat\model\Upload.java
D:\Ch SivaSankar\SpringSource\urat02082013\src\main\java\com\cisco\urat\service\RuleFileServiceImpl.java
D:\Ch SivaSankar\SpringSource\urat02082013\src\main\java\com\cisco\urat\utilities\DocumentType.java
D:\Ch SivaSankar\SpringSource\urat02082013\src\main\java\com\cisco\urat\dao\UploadDaoImpl.java
D:\Ch SivaSankar\SpringSource\urat02082013\src\main\java\com\cisco\urat\utilities\PasswordEncoder.java
D:\Ch SivaSankar\SpringSource\urat02082013\src\main\java\com\cisco\urat\web\servlet\DocumentLoaderServlet.java
D:\Ch SivaSankar\SpringSource\urat02082013\src\main\java\com\cisco\urat\model\Item.java
D:\Ch SivaSankar\SpringSource\urat02082013\src\main\java\com\cisco\urat\service\RuleFileService.java
D:\Ch SivaSankar\SpringSource\urat02082013\src\main\java\com\cisco\urat\service\UploadServiceImpl.java
D:\Ch SivaSankar\SpringSource\urat02082013\src\main\java\com\cisco\urat\dao\UserDaoImpl.java
D:\Ch SivaSankar\SpringSource\urat02082013\src\main\java\com\cisco\urat\utilities\UploadUtil.java
D:\Ch SivaSankar\SpringSource\urat02082013\src\main\java\com\cisco\urat\controller\ItemController.java
D:\Ch SivaSankar\SpringSource\urat02082013\src\main\java\com\cisco\urat\service\UserServiceImpl.java
D:\Ch SivaSankar\SpringSource\urat02082013\src\main\java\com\cisco\urat\model\json\JSONDto.java
D:\Ch SivaSankar\SpringSource\urat02082013\src\main\java\com\cisco\urat\dao\DocumentDaoImpl.java
D:\Ch SivaSankar\SpringSource\urat02082013\src\main\java\com\cisco\urat\dao\RuleFileDaoImpl.java
D:\Ch SivaSankar\SpringSource\urat02082013\src\main\java\com\cisco\urat\utilities\StringUtil.java
D:\Ch SivaSankar\SpringSource\urat02082013\src\main\java\com\cisco\urat\controller\UpgradeDocumentController.java
D:\Ch SivaSankar\SpringSource\urat02082013\src\main\java\com\cisco\urat\dao\ItemDaoImpl.java
D:\Ch SivaSankar\SpringSource\urat02082013\src\main\java\com\cisco\urat\controller\RuleFileController.java
D:\Ch SivaSankar\SpringSource\urat02082013\src\main\java\com\cisco\urat\service\UploadService.java
D:\Ch SivaSankar\SpringSource\urat02082013\src\main\java\com\cisco\urat\utilities\UserUtil.java
D:\Ch SivaSankar\SpringSource\urat02082013\src\main\java\com\cisco\urat\model\json\JsonError.java
D:\Ch SivaSankar\SpringSource\urat02082013\src\main\java\com\cisco\urat\dao\RuleFileDao.java
D:\Ch SivaSankar\SpringSource\urat02082013\src\main\java\com\cisco\urat\service\ItemServiceImpl.java
D:\Ch SivaSankar\SpringSource\urat02082013\src\main\java\com\cisco\urat\controller\UploadController.java
D:\Ch SivaSankar\SpringSource\urat02082013\src\main\java\com\cisco\urat\controller\IndexController.java
D:\Ch SivaSankar\SpringSource\urat02082013\src\main\java\com\cisco\urat\filter\AuthenticationFilter.java
D:\Ch SivaSankar\SpringSource\urat02082013\src\main\java\com\cisco\urat\model\json\DocumentDto.java
D:\Ch SivaSankar\SpringSource\urat02082013\src\main\java\com\cisco\urat\dao\UploadDao.java
D:\Ch SivaSankar\SpringSource\urat02082013\src\main\java\com\cisco\urat\model\User.java
